Build started 10/4/2016 10:19:50 AM.
     1>Project "Z:\OneKeyResetGate\OneKeyResetGate\OneKeyResetGate.vcxproj" on node 2 (Build target(s)).
     1>CustomBuild:
         Moc'ing onekeyresetgate.h...
         Uic'ing onekeyresetgate.ui...
         Moc'ing resourcemanager.h...
         Rcc'ing onekeyresetgate.qrc...
     1>RCC : warning : No resources in 'Z:\OneKeyResetGate\OneKeyResetGate\onekeyresetgate.qrc'.
         
       ClCompile:
         C:\Program Files (x86)\Microsoft Visual Studio 12.0\VC\bin\CL.exe /c /I.\GeneratedFiles /I. /IC:\Qt\Qt5.7.0\5.7\msvc2013\include /I.\GeneratedFiles\Debug /IC:\Qt\Qt5.7.0\5.7\msvc2013\include\QtCore /IC:\Qt\Qt5.7.0\5.7\msvc2013\include\QtGui /IC:\Qt\Qt5.7.0\5.7\msvc2013\include\QtWidgets /Zi /nologo /W1 /WX- /Od /Oy- /D UNICODE /D WIN32 /D WIN64 /D QT_DLL /D QT_CORE_LIB /D QT_GUI_LIB /D QT_WIDGETS_LIB /Gm- /EHsc /MDd /GS /fp:precise /Zc:wchar_t /Zc:forScope /Fo"Debug\\" /Fd"Debug\vc120.pdb" /Gd /TP /analyze- /errorReport:prompt GeneratedFiles\Debug\moc_onekeyresetgate.cpp GeneratedFiles\Debug\moc_resourcemanager.cpp main.cpp onekeyresetgate.cpp resourcemanager.cpp
         moc_onekeyresetgate.cpp
         moc_resourcemanager.cpp
         main.cpp
         onekeyresetgate.cpp
         resourcemanager.cpp
         Generating Code...
         C:\Program Files (x86)\Microsoft Visual Studio 12.0\VC\bin\CL.exe /c /I.\GeneratedFiles /I. /IC:\Qt\Qt5.7.0\5.7\msvc2013\include /I.\GeneratedFiles\Debug /IC:\Qt\Qt5.7.0\5.7\msvc2013\include\QtCore /IC:\Qt\Qt5.7.0\5.7\msvc2013\include\QtGui /IC:\Qt\Qt5.7.0\5.7\msvc2013\include\QtWidgets /Zi /nologo /W1 /WX- /Od /Oy- /D UNICODE /D WIN32 /D WIN64 /D QT_DLL /D QT_CORE_LIB /D QT_GUI_LIB /D QT_WIDGETS_LIB /Gm- /EHsc /MDd /GS /fp:precise /Zc:wchar_t /Zc:forScope /Fo"Debug\\" /Fd"Debug\vc120.pdb" /Gd /TP /analyze- /errorReport:prompt GeneratedFiles\qrc_onekeyresetgate.cpp
         qrc_onekeyresetgate.cpp
       Link:
         C:\Program Files (x86)\Microsoft Visual Studio 12.0\VC\bin\link.exe /ERRORREPORT:PROMPT /OUT:"Z:\OneKeyResetGate\Win32\Debug\\OneKeyResetGate.exe" /NOLOGO /LIBPATH:C:\Qt\Qt5.7.0\5.7\msvc2013\lib qtmaind.lib Qt5Cored.lib Qt5Guid.lib Qt5Widgetsd.lib kernel32.lib user32.lib gdi32.lib winspool.lib comdlg32.lib advapi32.lib shell32.lib ole32.lib oleaut32.lib uuid.lib odbc32.lib odbccp32.lib /MANIFEST /MANIFESTUAC:"level='asInvoker' uiAccess='false'" /manifest:embed /DEBUG /PDB:"Z:\OneKeyResetGate\Win32\Debug\OneKeyResetGate.pdb" /SUBSYSTEM:WINDOWS /TLBID:1 /DYNAMICBASE /NXCOMPAT /IMPLIB:"Z:\OneKeyResetGate\Win32\Debug\OneKeyResetGate.lib" /MACHINE:X86 /SAFESEH Debug\moc_onekeyresetgate.obj
         Debug\moc_resourcemanager.obj
         Debug\qrc_onekeyresetgate.obj
         Debug\main.obj
         Debug\onekeyresetgate.obj
         Debug\resourcemanager.obj
         OneKeyResetGate.vcxproj -> Z:\OneKeyResetGate\Win32\Debug\OneKeyResetGate.exe
     1>Done Building Project "Z:\OneKeyResetGate\OneKeyResetGate\OneKeyResetGate.vcxproj" (Build target(s)).

Build succeeded.

Time Elapsed 00:00:07.70
