Build started 22/9/2016 5:16:49 PM.
     1>Project "c:\Users\damon.chen\documents\visual studio 2013\Projects\OneKeyResetGate\OneKeyResetGate\OneKeyResetGate.vcxproj" on node 2 (Build target(s)).
     1>CustomBuild:
         Moc'ing onekeyresetgate.h...
         Uic'ing onekeyresetgate.ui...
         Moc'ing resourcemanager.h...
         Rcc'ing onekeyresetgate.qrc...
     1>RCC : warning : No resources in 'c:\Users\damon.chen\documents\visual studio 2013\Projects\OneKeyResetGate\OneKeyResetGate\onekeyresetgate.qrc'.
         
       ClCompile:
         C:\Program Files (x86)\Microsoft Visual Studio 12.0\VC\bin\CL.exe /c /I.\GeneratedFiles /I. /IC:\Qt\Qt5.7.0_32\5.7\msvc2013\include /I.\GeneratedFiles\Release /IC:\Qt\Qt5.7.0_32\5.7\msvc2013\include\QtCore /IC:\Qt\Qt5.7.0_32\5.7\msvc2013\include\QtGui /IC:\Qt\Qt5.7.0_32\5.7\msvc2013\include\QtWidgets /nologo /W1 /WX- /O2 /Oy- /D UNICODE /D WIN32 /D WIN64 /D QT_DLL /D QT_NO_DEBUG /D NDEBUG /D QT_CORE_LIB /D QT_GUI_LIB /D QT_WIDGETS_LIB /Gm- /EHsc /MD /GS /fp:precise /Zc:wchar_t /Zc:forScope /Fo"Release\\" /Fd"Release\vc120.pdb" /Gd /TP /analyze- /errorReport:prompt GeneratedFiles\qrc_onekeyresetgate.cpp
         qrc_onekeyresetgate.cpp
         C:\Program Files (x86)\Microsoft Visual Studio 12.0\VC\bin\CL.exe /c /I.\GeneratedFiles /I. /IC:\Qt\Qt5.7.0_32\5.7\msvc2013\include /I.\GeneratedFiles\Release /IC:\Qt\Qt5.7.0_32\5.7\msvc2013\include\QtCore /IC:\Qt\Qt5.7.0_32\5.7\msvc2013\include\QtGui /IC:\Qt\Qt5.7.0_32\5.7\msvc2013\include\QtWidgets /nologo /W1 /WX- /O2 /Oy- /D UNICODE /D WIN32 /D WIN64 /D QT_DLL /D QT_NO_DEBUG /D NDEBUG /D QT_CORE_LIB /D QT_GUI_LIB /D QT_WIDGETS_LIB /Gm- /EHsc /MD /GS /fp:precise /Zc:wchar_t /Zc:forScope /Fo"Release\\" /Fd"Release\vc120.pdb" /Gd /TP /analyze- /errorReport:prompt GeneratedFiles\Release\moc_onekeyresetgate.cpp GeneratedFiles\Release\moc_resourcemanager.cpp main.cpp onekeyresetgate.cpp resourcemanager.cpp
         moc_onekeyresetgate.cpp
         moc_resourcemanager.cpp
         main.cpp
         onekeyresetgate.cpp
         resourcemanager.cpp
         Generating Code...
       Link:
         C:\Program Files (x86)\Microsoft Visual Studio 12.0\VC\bin\link.exe /ERRORREPORT:PROMPT /OUT:"c:\users\damon.chen\documents\visual studio 2013\Projects\OneKeyResetGate\Win32\Release\\OneKeyResetGate.exe" /NOLOGO /LIBPATH:C:\Qt\Qt5.7.0_32\5.7\msvc2013\lib qtmain.lib Qt5Core.lib Qt5Gui.lib Qt5Widgets.lib kernel32.lib user32.lib gdi32.lib winspool.lib comdlg32.lib advapi32.lib shell32.lib ole32.lib oleaut32.lib uuid.lib odbc32.lib odbccp32.lib /MANIFEST /MANIFESTUAC:"level='asInvoker' uiAccess='false'" /manifest:embed /PDB:"c:\users\damon.chen\documents\visual studio 2013\Projects\OneKeyResetGate\Win32\Release\OneKeyResetGate.pdb" /SUBSYSTEM:WINDOWS /TLBID:1 /DYNAMICBASE /NXCOMPAT /IMPLIB:"c:\users\damon.chen\documents\visual studio 2013\Projects\OneKeyResetGate\Win32\Release\OneKeyResetGate.lib" /MACHINE:X86 /SAFESEH Release\qrc_onekeyresetgate.obj
         Release\moc_onekeyresetgate.obj
         Release\moc_resourcemanager.obj
         Release\main.obj
         Release\onekeyresetgate.obj
         Release\resourcemanager.obj
         OneKeyResetGate.vcxproj -> c:\users\damon.chen\documents\visual studio 2013\Projects\OneKeyResetGate\Win32\Release\OneKeyResetGate.exe
     1>Done Building Project "c:\Users\damon.chen\documents\visual studio 2013\Projects\OneKeyResetGate\OneKeyResetGate\OneKeyResetGate.vcxproj" (Build target(s)).

Build succeeded.

Time Elapsed 00:00:06.21
